BRASILIA 981 acidentes
CURITIBA 900 acidentes
SAO JOSE 689 acidentes
GUARULHOS 670 acidentes
PALHOCA 609 acidentes
DUQUE DE CAXIAS 536 acidentes
BETIM 505 acidentes
SERRA 483 acidentes
SAO JOSE DOS PINHAIS 453 acidentes
RECIFE 442 acidentes
PORTO VELHO 424 acidentes
UBERLANDIA 384 acidentes
ITAJAI 382 acidentes
FORTALEZA 353 acidentes
CARIACICA 349 acidentes
BALNEARIO CAMBORIU 336 acidentes
JOAO PESSOA 334 acidentes
CASCAVEL 330 acidentes
TERESINA 329 acidentes
CAMPINA GRANDE DO SUL 321 acidentes
CAMPOS DOS GOYTACAZES 316 acidentes
UBERABA 310 acidentes
SAO JOSE DOS CAMPOS 304 acidentes
JOINVILLE 303 acidentes
CAMPO GRANDE 302 acidentes
SAO PAULO 293 acidentes
CAUCAIA 286 acidentes
NOVA IGUACU 285 acidentes
ARAQUARI 278 acidentes
NATAL 270 acidentes
PONTA GROSSA 267 acidentes
LINHARES 266 acidentes
MARINGA 262 acidentes
GOIANIA 260 acidentes
BIGUACU 256 acidentes
ANAPOLIS 256 acidentes
CONTAGEM 249 acidentes
VITORIA DA CONQUISTA 248 acidentes
FOZ DO IGUACU 241 acidentes
PETROPOLIS 232 acidentes
FEIRA DE SANTANA 232 acidentes
SAO LUIS 228 acidentes
LUZIANIA 226 acidentes
MOSSORO 225 acidentes
CANOAS 221 acidentes
SAO GONCALO 217 acidentes
VILHENA 215 acidentes
PETROLINA 212 acidentes
ANGRA DOS REIS 211 acidentes
VALPARAISO DE GOIAS 206 acidentes
RIO DE JANEIRO 201 acidentes
RIBEIRAO DAS NEVES 201 acidentes
SANTA MARIA 196 acidentes
GOVERNADOR VALADARES 194 acidentes
ITABORAI 190 acidentes
BLUMENAU 189 acidentes
ITAPEMA 188 acidentes
CAJATI 188 acidentes
PORTO ALEGRE 184 acidentes
SAO JOSE DO RIO PRETO 184 acidentes
MIRACATU 183 acidentes
SAO LEOPOLDO 181 acidentes
BOA VISTA 181 acidentes
INDAIAL 180 acidentes
PARNAMIRIM 179 acidentes
SINOP 177 acidentes
JABOATAO DOS GUARARAPES 177 acidentes
VARZEA GRANDE 176 acidentes
CAMPO LARGO 175 acidentes
CAXIAS DO SUL 175 acidentes
SALVADOR 175 acidentes
RONDONOPOLIS 174 acidentes
VIANA 174 acidentes
TERESOPOLIS 173 acidentes
TABOAO DA SERRA 171 acidentes
MARABA 171 acidentes
GUARAMIRIM 170 acidentes
EMBU DAS ARTES 166 acidentes
UBATUBA 166 acidentes
TUBARAO 163 acidentes
NOVA LIMA 162 acidentes
DOURADOS 159 acidentes
RIO BRANCO 158 acidentes
ARAGUARI 157 acidentes
TEOFILO OTONI 155 acidentes
PARANAGUA 155 acidentes
LONDRINA 155 acidentes
JI-PARANA 154 acidentes
APARECIDA DE GOIANIA 153 acidentes
IGARASSU 153 acidentes
MURIAE 152 acidentes
CAMPINA GRANDE 152 acidentes
CARUARU 150 acidentes
MANHUACU 149 acidentes
COLOMBO 147 acidentes
SEROPEDICA 146 acidentes
CRISTALINA 145 acidentes
ATIBAIA 142 acidentes
RIO DO SUL 141 acidentes
TAUBATE 140 acidentes
MAIRIPORA 138 acidentes
BARRA DO TURVO 136 acidentes
NITEROI 135 acidentes
SORRISO 134 acidentes
MAGE 129 acidentes
SANTA RITA 128 acidentes
SAO MIGUEL DO OESTE 128 acidentes
RIO GRANDE 127 acidentes
APUCARANA 127 acidentes
IMPERATRIZ 127 acidentes
NAVEGANTES 127 acidentes
NOSSA SENHORA DO SOCORRO 125 acidentes
ITAGUAI 124 acidentes
JUIZ DE FORA 123 acidentes
SAO MATEUS 123 acidentes
PELOTAS 122 acidentes
CABEDELO 120 acidentes
MORRETES 119 acidentes
IMBITUBA 119 acidentes
GUARATUBA 118 acidentes
SAO JOAO DE MERITI 118 acidentes
JATAI 116 acidentes
BARRA MANSA 114 acidentes
MANGARATIBA 114 acidentes
SAO GONCALO DO AMARANTE 114 acidentes
EUNAPOLIS 114 acidentes
MAFRA 113 acidentes
BARRA VELHA 113 acidentes
BARRA DO GARCAS 113 acidentes
ARAPONGAS 112 acidentes
LAGES 112 acidentes
ACAILANDIA 111 acidentes
AGUAS LINDAS DE GOIAS 110 acidentes
JARU 108 acidentes
SANTAREM 108 acidentes
PIRAI 107 acidentes
PICOS 107 acidentes
RIO VERDE 107 acidentes
ARARANGUA 107 acidentes
SETE LAGOAS 106 acidentes
SABARA 106 acidentes
VACARIA 103 acidentes
CACOAL 103 acidentes
FAZENDA RIO GRANDE 102 acidentes
ITAPECERICA DA SERRA 102 acidentes
MONTE ALEGRE DE MINAS 102 acidentes
BENTO GONCALVES 102 acidentes
CABO DE SANTO AGOSTINHO 101 acidentes
BAYEUX 100 acidentes
