Reação tardia ou ineficiente do condutor 6907 

Velocidade Incompatível 6742 

Ausência de reação do condutor 5607 

Acessar a via sem observar a presença dos outros veículos 5195 

Condutor deixou de manter distância do veículo da frente 5118 

Ingestão de álcool pelo condutor 4533 

Manobra de mudança de faixa 3716 

Demais falhas mecânicas ou elétricas 2725 

Condutor Dormindo 2311 

Transitar na contramão 1780 

Desrespeitar a preferência no cruzamento 1749 

Ultrapassagem Indevida 1649 

Chuva 1285 

Avarias e/ou desgaste excessivo no pneu 1256 

Animais na Pista 1213 

Conversão proibida 873 

Trafegar com motocicleta (ou similar) entre as faixas 819 

Pedestre andava na pista 701 

Pista Escorregadia 677 

Mal súbito do condutor 632 

Pedestre cruzava a pista fora da faixa 595 

Entrada inopinada do pedestre 577 

Acumulo de água sobre o pavimento 573 

Acesso irregular 550 

Frear bruscamente 452 

Transitar no acostamento 446 

Objeto estático sobre o leito carroçável 379 

Problema com o freio 360 

Ingestão de álcool e/ou substâncias psicoativas pelo pedestre 350 

Pista esburacada 349 

Curva acentuada 325 

Condutor desrespeitou a iluminação vermelha do semáforo 319 

Carga excessiva e/ou mal acondicionada 313 

Retorno proibido 301 

Acumulo de areia ou detritos sobre o pavimento 252 

Demais falhas na via 222 

Acostamento em desnível 205 

Ausência de sinalização 189 

Deficiência do Sistema de Iluminação/Sinalização 183 

Afundamento ou ondulação no pavimento 180 

Acumulo de óleo sobre o pavimento 161 

Iluminação deficiente 161 

Obras na pista 150 

Estacionar ou parar em local proibido 147 

Condutor usando celular 125 

Ingestão de álcool ou de substâncias psicoativas pelo pedestre 122 

Área urbana sem a presença de local apropriado para a travessia de pedestres 111 

Obstrução na via 108 

Falta de acostamento 101 

Ingestão de substâncias psicoativas pelo condutor 97 

Demais Fenômenos da natureza 84 

Pista em desnível 78 

Falta de elemento de contenção que evite a saída do leito carroçável 74 

Problema na suspensão 57 

Desvio temporário 55 

Neblina 50 

Sinalização mal posicionada 48 

Declive acentuado 40 

Fumaça 37 

Restrição de visibilidade em curvas horizontais 25 

Faixas de trânsito com largura insuficiente 16 

Deixar de acionar o farol da motocicleta (ou similar) 14 

Restrição de visibilidade em curvas verticais 12 

Transitar na calçada 11 

Faróis desregulados 9 

Redutor de velocidade em desacordo 9 

Semáforo com defeito 8 

Modificação proibida 8 

Participar de racha 7 

Sistema de drenagem ineficiente 3 

Sinalização encoberta 3 

